<?xml version="1.0" encoding="UTF-8"?>
<!-- Generated by org.testng.reporters.JUnitReportReporter -->
<testsuite hostname="DESKTOP-KOPQ5DT" failures="0" tests="1" name="testcases.Register" time="37.917" errors="0" timestamp="2025-03-12T14:56:44 IST" skipped="0">
  <testcase classname="testcases.Register" name="verifyRegister" time="37.917"/>
</testsuite> <!-- testcases.Register -->
