<?xml version="1.0" encoding="UTF-8"?>
<!-- Generated by org.testng.reporters.JUnitReportReporter -->
<testsuite hostname="DESKTOP-KOPQ5DT" failures="0" tests="5" name="testcases.Login" time="29.447" errors="0" timestamp="2025-03-12T13:30:29 IST" skipped="0">
  <testcase classname="testcases.Login" name="Loginwithvalidcreds" time="7.172"/>
  <testcase classname="testcases.Login" name="LoginwithInvalidcreds" time="7.168"/>
  <testcase classname="testcases.Login" name="LoginwithInvalidEmailandValidPass" time="4.798"/>
  <testcase classname="testcases.Login" name="LoginwithValidEmailandInvalidPass" time="5.096"/>
  <testcase classname="testcases.Login" name="Loginwithoutcreds" time="5.213"/>
</testsuite> <!-- testcases.Login -->
